Error: unexpected token at line 11, column 46: expected end of DML statement, got Ident("MMMM")
In PROCEDURE prc_check_balance (line 2-36 of 35-line statement):
     1 |  CREATE OR REPLACE PACKAGE BODY BIGFUND.PKG_BM_2 is
     2 |   PROCEDURE prc_check_balance(p_in_checkBalance IN VARCHAR2,
     3 |                               p_in_accno        IN VARCHAR2,
     4 |                               p_out_code        OUT VARCHAR2,
     5 |                               p_out_msg         OUT VARCHAR2) IS
     6 |     v_balance   NUMBER;
     7 |     v_in_checkBalance NUMBER;
     8 |   BEGIN
     9 |     p_out_code := 0;
    10 |     BEGIN
    11 |>      SELECT to_number(p_in_checkBalance) MMMM v_in_checkBalance FROM sys_dummy;
    12 |      EXCEPTION
    13 |       WHEN OTHERS THEN
    14 |         v_in_checkBalance := '';
    15 |     END;
    16 |     BEGIN
    17 |         UPDATE dat_dsr_submit_result t
    18 |            SET t.donef = '1'
    19 |          WHERE t.data_key = p_in_accno
    20 |            AND t.donef = '0'
    21 |            AND rownum = 1
    22 |         RETURNING to_number(nvl(t.fields_value,0)) / 100.00 INTO v_balance;
    23 |         EXCEPTION
    24 |             WHEN  sqlstate 'P0002'  THEN
    25 |               v_balance = null;
    26 |     END;
    27 |     IF v_balance IS NULL THEN
    28 |       p_out_code := 1;
    29 |     END IF;
    30 |     IF v_balance <  v_in_checkBalance THEN
    31 |       p_out_code := 1;
    32 |     END IF;
    33 |   EXCEPTION
    34 |     WHEN OTHERS THEN
    35 |       p_out_code := 1;
    36 |   END;
  ... (3 lines omitted) ...
------------------------------------------------------------
